2020-05-11 06:54:38,014 INFO  - Galaxy.GalaxyServer >> » Conectado ao banco de dados!
2020-05-11 06:54:38,060 INFO  - Galaxy.HabboHotel.Game >> » Iniciando o Galaxy Server para o Abbo Hotel!
2020-05-11 06:54:38,154 INFO  - Galaxy.Core >> » Configurações do servidor -> PRONTO! 
2020-05-11 06:54:38,154 INFO  - Galaxy.Core >> » Catálogo -> PRONTO! 
2020-05-11 06:54:38,185 INFO  - Galaxy.Core.Settings.SettingsManager >> » PRONTO!(s): 35 configurações do servidor!
2020-05-11 06:54:38,232 INFO  - Galaxy.HabboHotel.Moderation.ModerationManager >> » Em cache: 4 usuários e máquinas banidas!
2020-05-11 06:54:41,217 INFO  - Galaxy.HabboHotel.Badges.BadgeManager >> » Carregado 12777 emblemas.
2020-05-11 06:54:41,232 INFO  - Galaxy.HabboHotel.Permissions.PermissionManager >> » PRONTO! 52 permissões.
2020-05-11 06:54:41,232 INFO  - Galaxy.HabboHotel.Permissions.PermissionManager >> » PRONTO! 16 cargos.
2020-05-11 06:54:41,342 INFO  - Galaxy.Communication.ConnectionManager >> » Configuração bem sucedida da porta 3421! 
2020-05-11 06:54:41,342 INFO  - Galaxy.Communication.ConnectionManager >> » Conexões máximas por IP definida como 3! 
2020-05-11 06:54:41,342 INFO  - Galaxy.GalaxyServer >> » Galaxy Server -> PRONTO! (3 s, 484 ms)
2020-05-11 06:54:41,342 INFO  - Galaxy.GalaxyServer >> » Última atualização: 24/04/2020
2020-05-11 06:54:41,342 INFO  - Galaxy.GalaxyServer >> » Iniciado para Hosting!
2020-05-11 06:54:42,388 INFO  - Galaxy.GalaxyServer >> » Cotação atual do dólar: R$0,00
2020-05-11 06:54:52,013 INFO  - Galaxy.GalaxyServer >> » Versão detectada: PRODUCTION-201609061203-935497134
2020-05-11 16:02:57,592 INFO  - Galaxy.Communication.ConnectionManager >> Conexão negada de [5.37.151.102] por ter várias conexões (3).
2020-05-14 19:22:00,779 INFO  - Galaxy.Communication.ConnectionManager >> Conexão negada de [5.36.80.38] por ter várias conexões (3).
2020-05-29 09:00:37,724 INFO  - Galaxy.GalaxyServer >> Desligando o Galaxy Server...
2020-05-29 09:00:40,239 INFO  - Galaxy.HabboHotel.GameClients.GameClientManager >> PRONTO!, inventários guardados!
2020-05-29 09:00:40,239 INFO  - Galaxy.HabboHotel.GameClients.GameClientManager >> Fechando as conexões do servidor...
2020-05-29 09:00:40,239 INFO  - Galaxy.HabboHotel.GameClients.GameClientManager >> Conexões fechadas!
2020-05-29 09:00:40,239 INFO  - Galaxy.HabboHotel.Rooms.RoomManager >> Quartos salvos com sucesso!
2020-05-29 09:00:40,271 WARN  - Galaxy.HabboHotel.Game >> GalaxyServer GameManager encerrado.
2020-05-29 09:00:40,271 INFO  - Galaxy.GalaxyServer >> O Galaxy Server foi desligado com exito.
2020-05-29 09:00:40,271 WARN  - Galaxy.GalaxyServer >> Servidor desligado!
