2020-04-25 00:22:05,590 INFO  - Galaxy.GalaxyServer >> » Conectado ao banco de dados!
2020-04-25 00:22:05,652 INFO  - Galaxy.HabboHotel.Game >> » Iniciando o Galaxy Server para o Abbo Hotel!
2020-04-25 00:22:05,793 INFO  - Galaxy.Core >> » Configurações do servidor -> PRONTO! 
2020-04-25 00:22:05,793 INFO  - Galaxy.Core >> » Catálogo -> PRONTO! 
2020-04-25 00:22:05,824 INFO  - Galaxy.Core.Settings.SettingsManager >> » PRONTO!(s): 35 configurações do servidor!
2020-04-25 00:22:05,871 INFO  - Galaxy.HabboHotel.Moderation.ModerationManager >> » Em cache: 0 usuários e máquinas banidas!
2020-04-25 00:22:10,199 INFO  - Galaxy.HabboHotel.Badges.BadgeManager >> » Carregado 12775 emblemas.
2020-04-25 00:22:10,231 INFO  - Galaxy.HabboHotel.Permissions.PermissionManager >> » PRONTO! 52 permissões.
2020-04-25 00:22:10,231 INFO  - Galaxy.HabboHotel.Permissions.PermissionManager >> » PRONTO! 16 cargos.
2020-04-25 00:22:10,418 INFO  - Galaxy.Communication.ConnectionManager >> » Configuração bem sucedida da porta 3421! 
2020-04-25 00:22:10,418 INFO  - Galaxy.Communication.ConnectionManager >> » Conexões máximas por IP definida como 3! 
2020-04-25 00:22:10,418 INFO  - Galaxy.GalaxyServer >> » Galaxy Server -> PRONTO! (5 s, 62 ms)
2020-04-25 00:22:10,418 INFO  - Galaxy.GalaxyServer >> » Última atualização: 24/04/2020
2020-04-25 00:22:10,418 INFO  - Galaxy.GalaxyServer >> » Iniciado para Hosting!
2020-04-25 00:22:11,324 INFO  - Galaxy.GalaxyServer >> » Cotação atual do dólar: R$5,65
2020-04-25 00:22:19,355 INFO  - Galaxy.GalaxyServer >> Desligando o Galaxy Server...
2020-04-25 00:22:21,871 INFO  - Galaxy.HabboHotel.GameClients.GameClientManager >> PRONTO!, inventários guardados!
2020-04-25 00:22:21,871 INFO  - Galaxy.HabboHotel.GameClients.GameClientManager >> Fechando as conexões do servidor...
2020-04-25 00:22:21,871 INFO  - Galaxy.HabboHotel.GameClients.GameClientManager >> Conexões fechadas!
2020-04-25 00:22:21,871 INFO  - Galaxy.HabboHotel.Rooms.RoomManager >> Quartos salvos com sucesso!
2020-04-25 00:22:21,902 WARN  - Galaxy.HabboHotel.Game >> GalaxyServer GameManager encerrado.
2020-04-25 00:22:21,918 INFO  - Galaxy.GalaxyServer >> O Galaxy Server foi desligado com exito.
2020-04-25 00:22:21,918 WARN  - Galaxy.GalaxyServer >> Servidor desligado!
2020-04-25 00:33:19,918 INFO  - Galaxy.GalaxyServer >> » Conectado ao banco de dados!
2020-04-25 00:33:19,965 INFO  - Galaxy.HabboHotel.Game >> » Iniciando o Galaxy Server para o Abbo Hotel!
2020-04-25 00:33:20,105 INFO  - Galaxy.Core >> » Configurações do servidor -> PRONTO! 
2020-04-25 00:33:20,121 INFO  - Galaxy.Core >> » Catálogo -> PRONTO! 
2020-04-25 00:33:20,152 INFO  - Galaxy.Core.Settings.SettingsManager >> » PRONTO!(s): 35 configurações do servidor!
2020-04-25 00:33:20,230 INFO  - Galaxy.HabboHotel.Moderation.ModerationManager >> » Em cache: 0 usuários e máquinas banidas!
2020-04-25 00:33:24,105 INFO  - Galaxy.HabboHotel.Badges.BadgeManager >> » Carregado 12775 emblemas.
2020-04-25 00:33:24,121 INFO  - Galaxy.HabboHotel.Permissions.PermissionManager >> » PRONTO! 52 permissões.
2020-04-25 00:33:24,121 INFO  - Galaxy.HabboHotel.Permissions.PermissionManager >> » PRONTO! 16 cargos.
2020-04-25 00:33:24,277 INFO  - Galaxy.Communication.ConnectionManager >> » Configuração bem sucedida da porta 3421! 
2020-04-25 00:33:24,277 INFO  - Galaxy.Communication.ConnectionManager >> » Conexões máximas por IP definida como 3! 
2020-04-25 00:33:24,277 INFO  - Galaxy.GalaxyServer >> » Galaxy Server -> PRONTO! (4 s, 640 ms)
2020-04-25 00:33:24,277 INFO  - Galaxy.GalaxyServer >> » Última atualização: 24/04/2020
2020-04-25 00:33:24,293 INFO  - Galaxy.GalaxyServer >> » Iniciado para Hosting!
2020-04-25 00:33:25,199 INFO  - Galaxy.GalaxyServer >> » Cotação atual do dólar: R$5,65
2020-04-25 00:33:59,137 INFO  - Galaxy.GalaxyServer >> » Versão detectada: PRODUCTION-201609061203-935497134
2020-04-25 03:44:09,199 INFO  - Galaxy.Core >> » Catálogo -> PRONTO! 
2020-04-25 06:46:45,559 INFO  - Galaxy.Core >> » Catálogo -> PRONTO! 
2020-04-25 07:11:32,387 INFO  - Galaxy.Core >> » Configurações do servidor -> PRONTO! 
2020-04-25 07:12:19,090 INFO  - Galaxy.GalaxyServer >> Desligando o Galaxy Server...
2020-04-25 07:12:21,637 INFO  - Galaxy.HabboHotel.GameClients.GameClientManager >> <<- DESLIGANDO SERVIDOR ->> GUARDANDO INVENTARIOS
2020-04-25 07:12:21,652 INFO  - Galaxy.HabboHotel.GameClients.GameClientManager >> <<- DESLIGANDO SERVIDOR ->> GUARDANDO INVENTARIOS
2020-04-25 07:12:21,668 INFO  - Galaxy.HabboHotel.GameClients.GameClientManager >> <<- DESLIGANDO SERVIDOR ->> GUARDANDO INVENTARIOS
2020-04-25 07:12:21,668 INFO  - Galaxy.HabboHotel.GameClients.GameClientManager >> PRONTO!, inventários guardados!
2020-04-25 07:12:21,668 INFO  - Galaxy.HabboHotel.GameClients.GameClientManager >> Fechando as conexões do servidor...
2020-04-25 07:12:21,684 INFO  - Galaxy.HabboHotel.GameClients.GameClientManager >> <<- APAGANDO SERVIDOR ->> Fechando conexões
2020-04-25 07:12:21,699 INFO  - Galaxy.HabboHotel.GameClients.GameClientManager >> <<- APAGANDO SERVIDOR ->> Fechando conexões
2020-04-25 07:12:21,715 INFO  - Galaxy.HabboHotel.GameClients.GameClientManager >> <<- APAGANDO SERVIDOR ->> Fechando conexões
2020-04-25 07:12:21,715 INFO  - Galaxy.HabboHotel.GameClients.GameClientManager >> Conexões fechadas!
2020-04-25 07:12:21,730 INFO  - Galaxy.HabboHotel.Rooms.RoomManager >> <<- Abbo ->> SALVANDO ITENS: 0%
2020-04-25 07:12:21,730 INFO  - Galaxy.HabboHotel.Rooms.RoomManager >> Quartos salvos com sucesso!
2020-04-25 07:12:21,762 WARN  - Galaxy.HabboHotel.Game >> GalaxyServer GameManager encerrado.
2020-04-25 07:12:21,762 INFO  - Galaxy.GalaxyServer >> O Galaxy Server foi desligado com exito.
2020-04-25 07:12:25,496 INFO  - Galaxy.HabboHotel.Badges.BadgeManager >> » Carregado 12775 emblemas.
2020-04-25 07:12:25,496 INFO  - Galaxy.HabboHotel.Permissions.PermissionManager >> » PRONTO! 52 permissões.
2020-04-25 07:12:25,496 INFO  - Galaxy.HabboHotel.Permissions.PermissionManager >> » PRONTO! 16 cargos.
2020-04-25 07:12:25,605 INFO  - Galaxy.Communication.ConnectionManager >> » Configuração bem sucedida da porta 3421! 
2020-04-25 07:12:25,605 INFO  - Galaxy.Communication.ConnectionManager >> » Conexões máximas por IP definida como 3! 
2020-04-25 07:12:25,605 INFO  - Galaxy.GalaxyServer >> » Galaxy Server -> PRONTO! (3 s, 562 ms)
2020-04-25 07:12:25,605 INFO  - Galaxy.GalaxyServer >> » Última atualização: 24/04/2020
2020-04-25 07:12:25,605 INFO  - Galaxy.GalaxyServer >> » Iniciado para Hosting!
2020-04-25 07:12:26,731 INFO  - Galaxy.GalaxyServer >> » Cotação atual do dólar: R$5,65
2020-04-25 07:12:37,090 INFO  - Galaxy.GalaxyServer >> » Versão detectada: PRODUCTION-201609061203-935497134
2020-04-25 07:13:12,793 INFO  - Galaxy.GalaxyServer >> Desligando o Galaxy Server...
2020-04-25 07:13:15,324 INFO  - Galaxy.HabboHotel.GameClients.GameClientManager >> <<- DESLIGANDO SERVIDOR ->> GUARDANDO INVENTARIOS
2020-04-25 07:13:15,324 INFO  - Galaxy.HabboHotel.GameClients.GameClientManager >> PRONTO!, inventários guardados!
2020-04-25 07:13:15,324 INFO  - Galaxy.HabboHotel.GameClients.GameClientManager >> Fechando as conexões do servidor...
2020-04-25 07:13:15,340 INFO  - Galaxy.HabboHotel.GameClients.GameClientManager >> <<- APAGANDO SERVIDOR ->> Fechando conexões
2020-04-25 07:13:15,340 INFO  - Galaxy.HabboHotel.GameClients.GameClientManager >> Conexões fechadas!
2020-04-25 07:13:15,371 INFO  - Galaxy.HabboHotel.Rooms.RoomManager >> <<- Abbo ->> SALVANDO ITENS: 0%
2020-04-25 07:13:15,371 INFO  - Galaxy.HabboHotel.Rooms.RoomManager >> Quartos salvos com sucesso!
2020-04-25 07:13:15,402 WARN  - Galaxy.HabboHotel.Game >> GalaxyServer GameManager encerrado.
2020-04-25 07:13:15,402 INFO  - Galaxy.GalaxyServer >> O Galaxy Server foi desligado com exito.
2020-04-25 07:13:15,402 WARN  - Galaxy.GalaxyServer >> Servidor desligado!
2020-04-25 07:13:27,980 INFO  - Galaxy.GalaxyServer >> » Conectado ao banco de dados!
2020-04-25 07:13:28,012 INFO  - Galaxy.HabboHotel.Game >> » Iniciando o Galaxy Server para o Abbo Hotel!
2020-04-25 07:13:28,105 INFO  - Galaxy.Core >> » Configurações do servidor -> PRONTO! 
2020-04-25 07:13:28,121 INFO  - Galaxy.Core >> » Catálogo -> PRONTO! 
2020-04-25 07:13:28,137 INFO  - Galaxy.Core.Settings.SettingsManager >> » PRONTO!(s): 35 configurações do servidor!
2020-04-25 07:13:28,168 INFO  - Galaxy.HabboHotel.Moderation.ModerationManager >> » Em cache: 0 usuários e máquinas banidas!
2020-04-25 07:13:31,184 INFO  - Galaxy.HabboHotel.Badges.BadgeManager >> » Carregado 12775 emblemas.
2020-04-25 07:13:31,199 INFO  - Galaxy.HabboHotel.Permissions.PermissionManager >> » PRONTO! 52 permissões.
2020-04-25 07:13:31,199 INFO  - Galaxy.HabboHotel.Permissions.PermissionManager >> » PRONTO! 16 cargos.
2020-04-25 07:13:31,309 INFO  - Galaxy.Communication.ConnectionManager >> » Configuração bem sucedida da porta 3421! 
2020-04-25 07:13:31,309 INFO  - Galaxy.Communication.ConnectionManager >> » Conexões máximas por IP definida como 3! 
2020-04-25 07:13:31,309 INFO  - Galaxy.GalaxyServer >> » Galaxy Server -> PRONTO! (3 s, 500 ms)
2020-04-25 07:13:31,309 INFO  - Galaxy.GalaxyServer >> » Última atualização: 24/04/2020
2020-04-25 07:13:31,309 INFO  - Galaxy.GalaxyServer >> » Iniciado para Hosting!
2020-04-25 07:13:32,215 INFO  - Galaxy.GalaxyServer >> » Cotação atual do dólar: R$5,65
2020-04-25 07:13:45,746 INFO  - Galaxy.GalaxyServer >> » Versão detectada: PRODUCTION-201609061203-935497134
2020-04-25 19:15:36,699 INFO  - Galaxy.Core >> » Configurações do servidor -> PRONTO! 
2020-04-25 20:59:42,746 INFO  - Galaxy.HabboHotel.Badges.BadgeManager >> » Carregado 12776 emblemas.
2020-04-25 21:06:24,902 INFO  - Galaxy.HabboHotel.Badges.BadgeManager >> » Carregado 12777 emblemas.
2020-04-25 21:17:29,481 INFO  - Galaxy.HabboHotel.Badges.BadgeManager >> » Carregado 12778 emblemas.
2020-04-25 21:17:40,293 INFO  - Galaxy.HabboHotel.Badges.BadgeManager >> » Carregado 12779 emblemas.
2020-04-25 21:18:25,418 INFO  - Galaxy.HabboHotel.Badges.BadgeManager >> » Carregado 12780 emblemas.
2020-04-25 21:19:34,590 INFO  - Galaxy.HabboHotel.Badges.BadgeManager >> » Carregado 12781 emblemas.
2020-04-25 21:20:23,949 INFO  - Galaxy.HabboHotel.Badges.BadgeManager >> » Carregado 12782 emblemas.
2020-04-26 07:14:15,703 INFO  - Galaxy.Core >> » Catálogo -> PRONTO! 
2020-04-26 13:30:00,063 INFO  - Galaxy.GalaxyServer >> Desligando o Galaxy Server...
2020-04-26 13:30:02,578 INFO  - Galaxy.HabboHotel.GameClients.GameClientManager >> PRONTO!, inventários guardados!
2020-04-26 13:30:02,578 INFO  - Galaxy.HabboHotel.GameClients.GameClientManager >> Fechando as conexões do servidor...
2020-04-26 13:30:02,578 INFO  - Galaxy.HabboHotel.GameClients.GameClientManager >> Conexões fechadas!
2020-04-26 13:30:02,578 INFO  - Galaxy.HabboHotel.Rooms.RoomManager >> Quartos salvos com sucesso!
2020-04-26 13:30:02,610 WARN  - Galaxy.HabboHotel.Game >> GalaxyServer GameManager encerrado.
2020-04-26 13:30:02,610 INFO  - Galaxy.GalaxyServer >> O Galaxy Server foi desligado com exito.
2020-04-26 13:30:02,610 WARN  - Galaxy.GalaxyServer >> Servidor desligado!
2020-04-26 13:30:19,469 INFO  - Galaxy.GalaxyServer >> » Conectado ao banco de dados!
2020-04-26 13:30:19,500 INFO  - Galaxy.HabboHotel.Game >> » Iniciando o Galaxy Server para o Abbo Hotel!
2020-04-26 13:30:19,610 INFO  - Galaxy.Core >> » Configurações do servidor -> PRONTO! 
2020-04-26 13:30:19,610 INFO  - Galaxy.Core >> » Catálogo -> PRONTO! 
2020-04-26 13:30:19,641 INFO  - Galaxy.Core.Settings.SettingsManager >> » PRONTO!(s): 35 configurações do servidor!
2020-04-26 13:30:19,688 INFO  - Galaxy.HabboHotel.Moderation.ModerationManager >> » Em cache: 0 usuários e máquinas banidas!
2020-04-26 13:30:22,813 INFO  - Galaxy.HabboHotel.Badges.BadgeManager >> » Carregado 12782 emblemas.
2020-04-26 13:30:22,828 INFO  - Galaxy.HabboHotel.Permissions.PermissionManager >> » PRONTO! 52 permissões.
2020-04-26 13:30:22,828 INFO  - Galaxy.HabboHotel.Permissions.PermissionManager >> » PRONTO! 16 cargos.
2020-04-26 13:30:22,922 INFO  - Galaxy.Communication.ConnectionManager >> » Configuração bem sucedida da porta 3421! 
2020-04-26 13:30:22,922 INFO  - Galaxy.Communication.ConnectionManager >> » Conexões máximas por IP definida como 3! 
2020-04-26 13:30:22,938 INFO  - Galaxy.GalaxyServer >> » Galaxy Server -> PRONTO! (3 s, 656 ms)
2020-04-26 13:30:22,938 INFO  - Galaxy.GalaxyServer >> » Última atualização: 24/04/2020
2020-04-26 13:30:22,938 INFO  - Galaxy.GalaxyServer >> » Iniciado para Hosting!
2020-04-26 13:30:23,844 INFO  - Galaxy.GalaxyServer >> » Cotação atual do dólar: R$5,65
2020-04-26 13:31:41,219 INFO  - Galaxy.GalaxyServer >> » Versão detectada: PRODUCTION-201609061203-935497134
2020-04-26 17:36:35,985 INFO  - Galaxy.GalaxyServer >> Desligando o Galaxy Server...
2020-04-26 17:36:38,531 INFO  - Galaxy.HabboHotel.GameClients.GameClientManager >> <<- DESLIGANDO SERVIDOR ->> GUARDANDO INVENTARIOS
2020-04-26 17:36:38,531 INFO  - Galaxy.HabboHotel.GameClients.GameClientManager >> PRONTO!, inventários guardados!
2020-04-26 17:36:38,531 INFO  - Galaxy.HabboHotel.GameClients.GameClientManager >> Fechando as conexões do servidor...
2020-04-26 17:36:38,578 INFO  - Galaxy.HabboHotel.GameClients.GameClientManager >> <<- APAGANDO SERVIDOR ->> Fechando conexões
2020-04-26 17:36:38,578 INFO  - Galaxy.HabboHotel.GameClients.GameClientManager >> Conexões fechadas!
2020-04-26 17:36:38,610 INFO  - Galaxy.HabboHotel.Rooms.RoomManager >> <<- Abbo ->> SALVANDO ITENS: 0%
2020-04-26 17:36:38,610 INFO  - Galaxy.HabboHotel.Rooms.RoomManager >> Quartos salvos com sucesso!
2020-04-26 17:36:38,672 WARN  - Galaxy.HabboHotel.Game >> GalaxyServer GameManager encerrado.
2020-04-26 17:36:38,672 INFO  - Galaxy.GalaxyServer >> O Galaxy Server foi desligado com exito.
2020-04-26 17:36:38,672 WARN  - Galaxy.GalaxyServer >> Servidor desligado!
2020-04-26 17:36:46,063 INFO  - Galaxy.GalaxyServer >> » Conectado ao banco de dados!
2020-04-26 17:36:46,110 INFO  - Galaxy.HabboHotel.Game >> » Iniciando o Galaxy Server para o Abbo Hotel!
2020-04-26 17:36:46,250 INFO  - Galaxy.Core >> » Configurações do servidor -> PRONTO! 
2020-04-26 17:36:46,250 INFO  - Galaxy.Core >> » Catálogo -> PRONTO! 
2020-04-26 17:36:46,281 INFO  - Galaxy.Core.Settings.SettingsManager >> » PRONTO!(s): 35 configurações do servidor!
2020-04-26 17:36:46,328 INFO  - Galaxy.HabboHotel.Moderation.ModerationManager >> » Em cache: 0 usuários e máquinas banidas!
2020-04-26 17:36:49,688 INFO  - Galaxy.HabboHotel.Badges.BadgeManager >> » Carregado 12781 emblemas.
2020-04-26 17:36:49,703 INFO  - Galaxy.HabboHotel.Permissions.PermissionManager >> » PRONTO! 52 permissões.
2020-04-26 17:36:49,703 INFO  - Galaxy.HabboHotel.Permissions.PermissionManager >> » PRONTO! 16 cargos.
2020-04-26 17:36:49,813 INFO  - Galaxy.Communication.ConnectionManager >> » Configuração bem sucedida da porta 3421! 
2020-04-26 17:36:49,813 INFO  - Galaxy.Communication.ConnectionManager >> » Conexões máximas por IP definida como 3! 
2020-04-26 17:36:49,813 INFO  - Galaxy.GalaxyServer >> » Galaxy Server -> PRONTO! (3 s, 953 ms)
2020-04-26 17:36:49,813 INFO  - Galaxy.GalaxyServer >> » Última atualização: 24/04/2020
2020-04-26 17:36:49,813 INFO  - Galaxy.GalaxyServer >> » Iniciado para Hosting!
2020-04-26 17:36:50,750 INFO  - Galaxy.GalaxyServer >> » Cotação atual do dólar: R$5,65
2020-04-26 17:39:01,063 INFO  - Galaxy.GalaxyServer >> » Versão detectada: PRODUCTION-201609061203-935497134
2020-04-26 18:06:01,547 INFO  - Galaxy.Core >> » Catálogo -> PRONTO! 
2020-04-26 18:11:19,813 INFO  - Galaxy.Core >> » Catálogo -> PRONTO! 
2020-04-27 00:09:56,766 INFO  - Galaxy.Core >> » Catálogo -> PRONTO! 
2020-04-27 00:16:08,485 INFO  - Galaxy.Core >> » Catálogo -> PRONTO! 
2020-04-27 00:26:00,235 INFO  - Galaxy.Core >> » Catálogo -> PRONTO! 
2020-04-27 00:33:53,063 INFO  - Galaxy.Core >> » Catálogo -> PRONTO! 
2020-04-27 00:39:27,313 INFO  - Galaxy.Core >> » Catálogo -> PRONTO! 
2020-04-27 00:40:30,578 INFO  - Galaxy.Core >> » Catálogo -> PRONTO! 
2020-04-27 00:41:21,016 INFO  - Galaxy.Core >> » Catálogo -> PRONTO! 
2020-04-27 00:43:39,297 INFO  - Galaxy.Core >> » Catálogo -> PRONTO! 
2020-04-27 00:46:37,453 INFO  - Galaxy.Core >> » Catálogo -> PRONTO! 
2020-04-27 00:48:01,703 INFO  - Galaxy.Core >> » Catálogo -> PRONTO! 
2020-04-27 04:55:12,797 INFO  - Galaxy.GalaxyServer >> Desligando o Galaxy Server...
2020-04-27 04:55:15,328 INFO  - Galaxy.HabboHotel.GameClients.GameClientManager >> PRONTO!, inventários guardados!
2020-04-27 04:55:15,328 INFO  - Galaxy.HabboHotel.GameClients.GameClientManager >> Fechando as conexões do servidor...
2020-04-27 04:55:15,328 INFO  - Galaxy.HabboHotel.GameClients.GameClientManager >> Conexões fechadas!
2020-04-27 04:55:15,328 INFO  - Galaxy.HabboHotel.Rooms.RoomManager >> Quartos salvos com sucesso!
2020-04-27 04:55:15,360 WARN  - Galaxy.HabboHotel.Game >> GalaxyServer GameManager encerrado.
2020-04-27 04:55:15,360 INFO  - Galaxy.GalaxyServer >> O Galaxy Server foi desligado com exito.
2020-04-27 04:55:15,360 WARN  - Galaxy.GalaxyServer >> Servidor desligado!
2020-04-27 16:23:59,000 INFO  - Galaxy.GalaxyServer >> » Conectado ao banco de dados!
2020-04-27 16:23:59,031 INFO  - Galaxy.HabboHotel.Game >> » Iniciando o Galaxy Server para o Abbo Hotel!
2020-04-27 16:23:59,156 INFO  - Galaxy.Core >> » Configurações do servidor -> PRONTO! 
2020-04-27 16:23:59,172 INFO  - Galaxy.Core >> » Catálogo -> PRONTO! 
2020-04-27 16:23:59,188 INFO  - Galaxy.Core.Settings.SettingsManager >> » PRONTO!(s): 35 configurações do servidor!
2020-04-27 16:23:59,266 INFO  - Galaxy.HabboHotel.Moderation.ModerationManager >> » Em cache: 1 usuários e máquinas banidas!
2020-04-27 16:24:02,375 INFO  - Galaxy.HabboHotel.Badges.BadgeManager >> » Carregado 12780 emblemas.
2020-04-27 16:24:02,406 INFO  - Galaxy.HabboHotel.Permissions.PermissionManager >> » PRONTO! 52 permissões.
2020-04-27 16:24:02,406 INFO  - Galaxy.HabboHotel.Permissions.PermissionManager >> » PRONTO! 16 cargos.
2020-04-27 16:24:02,500 INFO  - Galaxy.Communication.ConnectionManager >> » Configuração bem sucedida da porta 3421! 
2020-04-27 16:24:02,500 INFO  - Galaxy.Communication.ConnectionManager >> » Conexões máximas por IP definida como 3! 
2020-04-27 16:24:02,516 INFO  - Galaxy.GalaxyServer >> » Galaxy Server -> PRONTO! (3 s, 734 ms)
2020-04-27 16:24:02,516 INFO  - Galaxy.GalaxyServer >> » Última atualização: 24/04/2020
2020-04-27 16:24:02,516 INFO  - Galaxy.GalaxyServer >> » Iniciado para Hosting!
2020-04-27 16:24:03,438 INFO  - Galaxy.GalaxyServer >> » Cotação atual do dólar: R$5,63
2020-04-27 16:29:55,203 INFO  - Galaxy.GalaxyServer >> » Versão detectada: PRODUCTION-201609061203-935497134
2020-04-28 16:20:06,844 INFO  - Galaxy.HabboHotel.Badges.BadgeManager >> » Carregado 12781 emblemas.
2020-04-28 16:23:31,250 INFO  - Galaxy.HabboHotel.Badges.BadgeManager >> » Carregado 12782 emblemas.
2020-04-29 01:16:49,172 INFO  - Galaxy.Communication.ConnectionManager >> Conexão negada de [189.24.241.109] por ter várias conexões (3).
2020-04-29 02:36:46,094 INFO  - Galaxy.Core >> » Configurações do servidor -> PRONTO! 
2020-04-29 02:40:52,250 INFO  - Galaxy.GalaxyServer >> Desligando o Galaxy Server...
2020-04-29 02:40:54,766 INFO  - Galaxy.HabboHotel.GameClients.GameClientManager >> <<- DESLIGANDO SERVIDOR ->> GUARDANDO INVENTARIOS
2020-04-29 02:40:54,781 INFO  - Galaxy.HabboHotel.GameClients.GameClientManager >> <<- DESLIGANDO SERVIDOR ->> GUARDANDO INVENTARIOS
2020-04-29 02:40:54,781 INFO  - Galaxy.HabboHotel.GameClients.GameClientManager >> <<- DESLIGANDO SERVIDOR ->> GUARDANDO INVENTARIOS
2020-04-29 02:40:54,797 INFO  - Galaxy.HabboHotel.GameClients.GameClientManager >> <<- DESLIGANDO SERVIDOR ->> GUARDANDO INVENTARIOS
2020-04-29 02:40:54,813 INFO  - Galaxy.HabboHotel.GameClients.GameClientManager >> <<- DESLIGANDO SERVIDOR ->> GUARDANDO INVENTARIOS
2020-04-29 02:40:54,813 INFO  - Galaxy.HabboHotel.GameClients.GameClientManager >> PRONTO!, inventários guardados!
2020-04-29 02:40:54,813 INFO  - Galaxy.HabboHotel.GameClients.GameClientManager >> Fechando as conexões do servidor...
2020-04-29 02:40:54,813 INFO  - Galaxy.HabboHotel.GameClients.GameClientManager >> <<- APAGANDO SERVIDOR ->> Fechando conexões
2020-04-29 02:40:54,828 INFO  - Galaxy.HabboHotel.GameClients.GameClientManager >> <<- APAGANDO SERVIDOR ->> Fechando conexões
2020-04-29 02:40:54,844 INFO  - Galaxy.HabboHotel.GameClients.GameClientManager >> <<- APAGANDO SERVIDOR ->> Fechando conexões
2020-04-29 02:40:54,844 INFO  - Galaxy.HabboHotel.GameClients.GameClientManager >> <<- APAGANDO SERVIDOR ->> Fechando conexões
2020-04-29 02:40:54,860 INFO  - Galaxy.HabboHotel.GameClients.GameClientManager >> <<- APAGANDO SERVIDOR ->> Fechando conexões
2020-04-29 02:40:54,860 INFO  - Galaxy.HabboHotel.GameClients.GameClientManager >> Conexões fechadas!
2020-04-29 02:40:54,875 INFO  - Galaxy.HabboHotel.Rooms.RoomManager >> <<- Abbo ->> SALVANDO ITENS: 0%
2020-04-29 02:40:54,875 INFO  - Galaxy.HabboHotel.Rooms.RoomManager >> Quartos salvos com sucesso!
2020-04-29 02:40:54,891 WARN  - Galaxy.HabboHotel.Game >> GalaxyServer GameManager encerrado.
2020-04-29 02:40:54,906 INFO  - Galaxy.GalaxyServer >> O Galaxy Server foi desligado com exito.
2020-04-29 02:40:54,906 WARN  - Galaxy.GalaxyServer >> Servidor desligado!
2020-04-29 02:41:22,766 INFO  - Galaxy.GalaxyServer >> » Conectado ao banco de dados!
2020-04-29 02:41:22,797 INFO  - Galaxy.HabboHotel.Game >> » Iniciando o Galaxy Server para o Abbo Hotel!
2020-04-29 02:41:22,875 INFO  - Galaxy.Core >> » Configurações do servidor -> PRONTO! 
2020-04-29 02:41:22,875 INFO  - Galaxy.Core >> » Catálogo -> PRONTO! 
2020-04-29 02:41:22,891 INFO  - Galaxy.Core.Settings.SettingsManager >> » PRONTO!(s): 35 configurações do servidor!
2020-04-29 02:41:22,938 INFO  - Galaxy.HabboHotel.Moderation.ModerationManager >> » Em cache: 1 usuários e máquinas banidas!
2020-04-29 02:41:26,078 INFO  - Galaxy.HabboHotel.Badges.BadgeManager >> » Carregado 12782 emblemas.
2020-04-29 02:41:26,094 INFO  - Galaxy.HabboHotel.Permissions.PermissionManager >> » PRONTO! 52 permissões.
2020-04-29 02:41:26,094 INFO  - Galaxy.HabboHotel.Permissions.PermissionManager >> » PRONTO! 16 cargos.
2020-04-29 02:41:26,188 INFO  - Galaxy.Communication.ConnectionManager >> » Configuração bem sucedida da porta 3421! 
2020-04-29 02:41:26,188 INFO  - Galaxy.Communication.ConnectionManager >> » Conexões máximas por IP definida como 3! 
2020-04-29 02:41:26,188 INFO  - Galaxy.GalaxyServer >> » Galaxy Server -> PRONTO! (3 s, 624 ms)
2020-04-29 02:41:26,188 INFO  - Galaxy.GalaxyServer >> » Última atualização: 24/04/2020
2020-04-29 02:41:26,188 INFO  - Galaxy.GalaxyServer >> » Iniciado para Hosting!
2020-04-29 02:41:37,344 INFO  - Galaxy.GalaxyServer >> » Cotação atual do dólar: R$0,00
2020-04-29 02:41:48,469 INFO  - Galaxy.GalaxyServer >> » Versão detectada: PRODUCTION-201609061203-935497134
2020-04-29 02:51:24,250 INFO  - Galaxy.GalaxyServer >> Desligando o Galaxy Server...
2020-04-29 02:51:26,797 INFO  - Galaxy.HabboHotel.GameClients.GameClientManager >> <<- DESLIGANDO SERVIDOR ->> GUARDANDO INVENTARIOS
2020-04-29 02:51:26,813 INFO  - Galaxy.HabboHotel.GameClients.GameClientManager >> <<- DESLIGANDO SERVIDOR ->> GUARDANDO INVENTARIOS
2020-04-29 02:51:26,828 INFO  - Galaxy.HabboHotel.GameClients.GameClientManager >> <<- DESLIGANDO SERVIDOR ->> GUARDANDO INVENTARIOS
2020-04-29 02:51:26,828 INFO  - Galaxy.HabboHotel.GameClients.GameClientManager >> PRONTO!, inventários guardados!
2020-04-29 02:51:26,828 INFO  - Galaxy.HabboHotel.GameClients.GameClientManager >> Fechando as conexões do servidor...
2020-04-29 02:51:26,844 INFO  - Galaxy.HabboHotel.GameClients.GameClientManager >> <<- APAGANDO SERVIDOR ->> Fechando conexões
2020-04-29 02:51:26,860 INFO  - Galaxy.HabboHotel.GameClients.GameClientManager >> <<- APAGANDO SERVIDOR ->> Fechando conexões
2020-04-29 02:51:26,860 INFO  - Galaxy.HabboHotel.GameClients.GameClientManager >> <<- APAGANDO SERVIDOR ->> Fechando conexões
2020-04-29 02:51:26,860 INFO  - Galaxy.HabboHotel.GameClients.GameClientManager >> Conexões fechadas!
2020-04-29 02:51:26,875 INFO  - Galaxy.HabboHotel.Rooms.RoomManager >> <<- Abbo ->> SALVANDO ITENS: 0%
2020-04-29 02:51:26,875 INFO  - Galaxy.HabboHotel.Rooms.RoomManager >> Quartos salvos com sucesso!
2020-04-29 02:51:26,891 WARN  - Galaxy.HabboHotel.Game >> GalaxyServer GameManager encerrado.
2020-04-29 02:51:26,906 INFO  - Galaxy.GalaxyServer >> O Galaxy Server foi desligado com exito.
2020-04-29 02:51:26,906 WARN  - Galaxy.GalaxyServer >> Servidor desligado!
2020-04-29 03:09:10,781 INFO  - Galaxy.GalaxyServer >> » Conectado ao banco de dados!
2020-04-29 03:09:10,813 INFO  - Galaxy.HabboHotel.Game >> » Iniciando o Galaxy Server para o Abbo Hotel!
2020-04-29 03:09:10,906 INFO  - Galaxy.Core >> » Configurações do servidor -> PRONTO! 
2020-04-29 03:09:10,906 INFO  - Galaxy.Core >> » Catálogo -> PRONTO! 
2020-04-29 03:09:10,922 INFO  - Galaxy.Core.Settings.SettingsManager >> » PRONTO!(s): 35 configurações do servidor!
2020-04-29 03:09:10,969 INFO  - Galaxy.HabboHotel.Moderation.ModerationManager >> » Em cache: 1 usuários e máquinas banidas!
2020-04-29 03:09:14,031 INFO  - Galaxy.HabboHotel.Badges.BadgeManager >> » Carregado 12782 emblemas.
2020-04-29 03:09:14,047 INFO  - Galaxy.HabboHotel.Permissions.PermissionManager >> » PRONTO! 52 permissões.
2020-04-29 03:09:14,047 INFO  - Galaxy.HabboHotel.Permissions.PermissionManager >> » PRONTO! 16 cargos.
2020-04-29 03:09:14,141 INFO  - Galaxy.Communication.ConnectionManager >> » Configuração bem sucedida da porta 3421! 
2020-04-29 03:09:14,156 INFO  - Galaxy.Communication.ConnectionManager >> » Conexões máximas por IP definida como 3! 
2020-04-29 03:09:14,156 INFO  - Galaxy.GalaxyServer >> » Galaxy Server -> PRONTO! (3 s, 546 ms)
2020-04-29 03:09:14,156 INFO  - Galaxy.GalaxyServer >> » Última atualização: 24/04/2020
2020-04-29 03:09:14,156 INFO  - Galaxy.GalaxyServer >> » Iniciado para Hosting!
2020-04-29 03:09:15,016 INFO  - Galaxy.GalaxyServer >> » Cotação atual do dólar: R$0,00
2020-04-29 03:11:52,860 INFO  - Galaxy.GalaxyServer >> » Versão detectada: PRODUCTION-201609061203-935497134
2020-04-29 22:53:24,016 INFO  - Galaxy.GalaxyServer >> Desligando o Galaxy Server...
2020-04-29 22:53:26,531 INFO  - Galaxy.HabboHotel.GameClients.GameClientManager >> <<- DESLIGANDO SERVIDOR ->> GUARDANDO INVENTARIOS
2020-04-29 22:53:26,547 INFO  - Galaxy.HabboHotel.GameClients.GameClientManager >> <<- DESLIGANDO SERVIDOR ->> GUARDANDO INVENTARIOS
2020-04-29 22:53:26,547 INFO  - Galaxy.HabboHotel.GameClients.GameClientManager >> <<- DESLIGANDO SERVIDOR ->> GUARDANDO INVENTARIOS
2020-04-29 22:53:26,547 INFO  - Galaxy.HabboHotel.GameClients.GameClientManager >> PRONTO!, inventários guardados!
2020-04-29 22:53:26,547 INFO  - Galaxy.HabboHotel.GameClients.GameClientManager >> Fechando as conexões do servidor...
2020-04-29 22:53:26,563 INFO  - Galaxy.HabboHotel.GameClients.GameClientManager >> <<- APAGANDO SERVIDOR ->> Fechando conexões
2020-04-29 22:53:26,578 INFO  - Galaxy.HabboHotel.GameClients.GameClientManager >> <<- APAGANDO SERVIDOR ->> Fechando conexões
2020-04-29 22:53:26,578 INFO  - Galaxy.HabboHotel.GameClients.GameClientManager >> <<- APAGANDO SERVIDOR ->> Fechando conexões
2020-04-29 22:53:26,578 INFO  - Galaxy.HabboHotel.GameClients.GameClientManager >> Conexões fechadas!
2020-04-29 22:53:26,610 INFO  - Galaxy.HabboHotel.Rooms.RoomManager >> <<- Abbo ->> SALVANDO ITENS: 0%
2020-04-29 22:53:26,641 INFO  - Galaxy.HabboHotel.Rooms.RoomManager >> <<- Abbo ->> SALVANDO ITENS: 50%
2020-04-29 22:53:26,656 INFO  - Galaxy.HabboHotel.Rooms.RoomManager >> Quartos salvos com sucesso!
2020-04-29 22:53:26,656 WARN  - Galaxy.HabboHotel.Game >> GalaxyServer GameManager encerrado.
2020-04-29 22:53:26,656 INFO  - Galaxy.GalaxyServer >> O Galaxy Server foi desligado com exito.
2020-04-29 22:53:26,672 WARN  - Galaxy.GalaxyServer >> Servidor desligado!
2020-04-29 22:58:38,563 INFO  - Galaxy.GalaxyServer >> » Conectado ao banco de dados!
2020-04-29 22:58:38,610 INFO  - Galaxy.HabboHotel.Game >> » Iniciando o Galaxy Server para o Abbo Hotel!
2020-04-29 22:58:38,688 INFO  - Galaxy.Core >> » Configurações do servidor -> PRONTO! 
2020-04-29 22:58:38,688 INFO  - Galaxy.Core >> » Catálogo -> PRONTO! 
2020-04-29 22:58:38,703 INFO  - Galaxy.Core.Settings.SettingsManager >> » PRONTO!(s): 35 configurações do servidor!
2020-04-29 22:58:38,750 INFO  - Galaxy.HabboHotel.Moderation.ModerationManager >> » Em cache: 2 usuários e máquinas banidas!
2020-04-29 22:58:42,000 INFO  - Galaxy.HabboHotel.Badges.BadgeManager >> » Carregado 12782 emblemas.
2020-04-29 22:58:42,016 INFO  - Galaxy.HabboHotel.Permissions.PermissionManager >> » PRONTO! 52 permissões.
2020-04-29 22:58:42,016 INFO  - Galaxy.HabboHotel.Permissions.PermissionManager >> » PRONTO! 16 cargos.
2020-04-29 22:58:42,156 INFO  - Galaxy.Communication.ConnectionManager >> » Configuração bem sucedida da porta 3421! 
2020-04-29 22:58:42,156 INFO  - Galaxy.Communication.ConnectionManager >> » Conexões máximas por IP definida como 3! 
2020-04-29 22:58:42,156 INFO  - Galaxy.GalaxyServer >> » Galaxy Server -> PRONTO! (3 s, 781 ms)
2020-04-29 22:58:42,156 INFO  - Galaxy.GalaxyServer >> » Última atualização: 24/04/2020
2020-04-29 22:58:42,156 INFO  - Galaxy.GalaxyServer >> » Iniciado para Hosting!
2020-04-29 22:58:43,078 INFO  - Galaxy.GalaxyServer >> » Cotação atual do dólar: R$5,42
2020-04-29 23:01:15,610 INFO  - Galaxy.GalaxyServer >> » Versão detectada: PRODUCTION-201609061203-935497134
2020-04-30 02:08:18,719 INFO  - Galaxy.GalaxyServer >> Desligando o Galaxy Server...
2020-04-30 02:08:21,266 INFO  - Galaxy.HabboHotel.GameClients.GameClientManager >> <<- DESLIGANDO SERVIDOR ->> GUARDANDO INVENTARIOS
2020-04-30 02:08:21,281 INFO  - Galaxy.HabboHotel.GameClients.GameClientManager >> <<- DESLIGANDO SERVIDOR ->> GUARDANDO INVENTARIOS
2020-04-30 02:08:21,281 INFO  - Galaxy.HabboHotel.GameClients.GameClientManager >> <<- DESLIGANDO SERVIDOR ->> GUARDANDO INVENTARIOS
2020-04-30 02:08:21,297 INFO  - Galaxy.HabboHotel.GameClients.GameClientManager >> <<- DESLIGANDO SERVIDOR ->> GUARDANDO INVENTARIOS
2020-04-30 02:08:21,297 INFO  - Galaxy.HabboHotel.GameClients.GameClientManager >> PRONTO!, inventários guardados!
2020-04-30 02:08:21,297 INFO  - Galaxy.HabboHotel.GameClients.GameClientManager >> Fechando as conexões do servidor...
2020-04-30 02:08:21,313 INFO  - Galaxy.HabboHotel.GameClients.GameClientManager >> <<- APAGANDO SERVIDOR ->> Fechando conexões
2020-04-30 02:08:21,328 INFO  - Galaxy.HabboHotel.GameClients.GameClientManager >> <<- APAGANDO SERVIDOR ->> Fechando conexões
2020-04-30 02:08:21,344 INFO  - Galaxy.HabboHotel.GameClients.GameClientManager >> <<- APAGANDO SERVIDOR ->> Fechando conexões
2020-04-30 02:08:21,375 INFO  - Galaxy.HabboHotel.GameClients.GameClientManager >> <<- APAGANDO SERVIDOR ->> Fechando conexões
2020-04-30 02:08:21,375 INFO  - Galaxy.HabboHotel.GameClients.GameClientManager >> Conexões fechadas!
2020-04-30 02:08:21,406 INFO  - Galaxy.HabboHotel.Rooms.RoomManager >> <<- Abbo ->> SALVANDO ITENS: 0%
2020-04-30 02:08:21,406 INFO  - Galaxy.HabboHotel.Rooms.RoomManager >> Quartos salvos com sucesso!
2020-04-30 02:08:21,453 WARN  - Galaxy.HabboHotel.Game >> GalaxyServer GameManager encerrado.
2020-04-30 02:08:21,453 INFO  - Galaxy.GalaxyServer >> O Galaxy Server foi desligado com exito.
2020-04-30 02:08:25,235 INFO  - Galaxy.HabboHotel.Badges.BadgeManager >> » Carregado 12782 emblemas.
2020-04-30 02:08:25,250 INFO  - Galaxy.HabboHotel.Permissions.PermissionManager >> » PRONTO! 52 permissões.
2020-04-30 02:08:25,250 INFO  - Galaxy.HabboHotel.Permissions.PermissionManager >> » PRONTO! 16 cargos.
2020-04-30 02:08:25,360 INFO  - Galaxy.Communication.ConnectionManager >> » Configuração bem sucedida da porta 3421! 
2020-04-30 02:08:25,360 INFO  - Galaxy.Communication.ConnectionManager >> » Conexões máximas por IP definida como 3! 
2020-04-30 02:08:25,360 INFO  - Galaxy.GalaxyServer >> » Galaxy Server -> PRONTO! (3 s, 625 ms)
2020-04-30 02:08:25,360 INFO  - Galaxy.GalaxyServer >> » Última atualização: 24/04/2020
2020-04-30 02:08:25,360 INFO  - Galaxy.GalaxyServer >> » Iniciado para Hosting!
2020-04-30 02:08:26,297 INFO  - Galaxy.GalaxyServer >> » Cotação atual do dólar: R$0,00
2020-04-30 02:08:32,516 INFO  - Galaxy.GalaxyServer >> » Versão detectada: PRODUCTION-201609061203-935497134
2020-04-30 15:08:09,594 INFO  - Galaxy.Communication.ConnectionManager >> Conexão negada de [5.37.131.209] por ter várias conexões (3).
2020-04-30 15:15:40,500 INFO  - Galaxy.Communication.ConnectionManager >> Conexão negada de [5.37.131.209] por ter várias conexões (3).
2020-04-30 19:07:15,969 INFO  - Galaxy.Communication.ConnectionManager >> Conexão negada de [5.37.131.209] por ter várias conexões (3).
2020-05-01 18:52:11,594 INFO  - Galaxy.Communication.ConnectionManager >> Conexão negada de [5.37.131.209] por ter várias conexões (3).
2020-05-01 18:56:42,422 INFO  - Galaxy.Communication.ConnectionManager >> Conexão negada de [5.37.131.209] por ter várias conexões (3).
2020-05-02 07:41:35,388 INFO  - Galaxy.Communication.ConnectionManager >> Conexão negada de [5.37.131.209] por ter várias conexões (3).
2020-05-02 15:15:58,078 INFO  - Galaxy.Communication.ConnectionManager >> Conexão negada de [5.37.131.209] por ter várias conexões (3).
2020-05-02 15:19:21,516 INFO  - Galaxy.Communication.ConnectionManager >> Conexão negada de [5.37.131.209] por ter várias conexões (3).
2020-05-02 15:21:07,672 INFO  - Galaxy.Communication.ConnectionManager >> Conexão negada de [5.37.131.209] por ter várias conexões (3).
2020-05-02 15:21:31,281 INFO  - Galaxy.Communication.ConnectionManager >> Conexão negada de [5.37.131.209] por ter várias conexões (3).
2020-05-02 16:29:52,203 INFO  - Galaxy.Communication.ConnectionManager >> Conexão negada de [5.37.131.209] por ter várias conexões (3).
2020-05-02 17:05:43,109 INFO  - Galaxy.Communication.ConnectionManager >> Conexão negada de [5.37.131.209] por ter várias conexões (3).
2020-05-03 21:35:09,547 ERROR - Galaxy.Communication.GamePacketParser >> Packet Error!
System.NullReferenceException: Object reference not set to an instance of an object.
   at Galaxy.Communication.GamePacketParser.handlePacketData(Byte[] Data) in C:\GalaxyServer\Communication\GamePacketParser.cs:line 72
2020-05-04 05:00:27,158 INFO  - Galaxy.GalaxyServer >> » Conectado ao banco de dados!
2020-05-04 05:00:27,283 INFO  - Galaxy.HabboHotel.Game >> » Iniciando o Galaxy Server para o Abbo Hotel!
2020-05-04 05:00:27,361 INFO  - Galaxy.Core >> » Configurações do servidor -> PRONTO! 
2020-05-04 05:00:27,361 INFO  - Galaxy.Core >> » Catálogo -> PRONTO! 
2020-05-04 05:00:27,408 INFO  - Galaxy.Core.Settings.SettingsManager >> » PRONTO!(s): 35 configurações do servidor!
2020-05-04 05:00:27,470 INFO  - Galaxy.HabboHotel.Moderation.ModerationManager >> » Em cache: 3 usuários e máquinas banidas!
2020-05-04 05:00:30,564 INFO  - Galaxy.HabboHotel.Badges.BadgeManager >> » Carregado 12781 emblemas.
2020-05-04 05:00:30,595 INFO  - Galaxy.HabboHotel.Permissions.PermissionManager >> » PRONTO! 52 permissões.
2020-05-04 05:00:30,595 INFO  - Galaxy.HabboHotel.Permissions.PermissionManager >> » PRONTO! 16 cargos.
2020-05-04 05:00:30,720 INFO  - Galaxy.Communication.ConnectionManager >> » Configuração bem sucedida da porta 3421! 
2020-05-04 05:00:30,720 INFO  - Galaxy.Communication.ConnectionManager >> » Conexões máximas por IP definida como 3! 
2020-05-04 05:00:30,720 INFO  - Galaxy.GalaxyServer >> » Galaxy Server -> PRONTO! (3 s, 765 ms)
2020-05-04 05:00:30,720 INFO  - Galaxy.GalaxyServer >> » Última atualização: 24/04/2020
2020-05-04 05:00:30,720 INFO  - Galaxy.GalaxyServer >> » Iniciado para Hosting!
2020-05-04 05:00:31,611 INFO  - Galaxy.GalaxyServer >> » Cotação atual do dólar: R$0,00
2020-05-04 05:00:51,314 INFO  - Galaxy.GalaxyServer >> » Versão detectada: PRODUCTION-201609061203-935497134
2020-05-04 05:06:28,689 INFO  - Galaxy.Communication.ConnectionManager >> Conexão negada de [5.37.131.209] por ter várias conexões (3).
2020-05-04 14:22:05,220 INFO  - Galaxy.Communication.ConnectionManager >> Conexão negada de [5.36.39.130] por ter várias conexões (3).
2020-05-04 15:08:11,439 INFO  - Galaxy.Communication.ConnectionManager >> Conexão negada de [5.36.39.130] por ter várias conexões (3).
2020-05-04 15:08:26,298 INFO  - Galaxy.Communication.ConnectionManager >> Conexão negada de [5.36.39.130] por ter várias conexões (3).
2020-05-04 15:08:57,236 INFO  - Galaxy.Communication.ConnectionManager >> Conexão negada de [5.36.39.130] por ter várias conexões (3).
2020-05-04 15:13:21,908 INFO  - Galaxy.Communication.ConnectionManager >> Conexão negada de [5.36.39.130] por ter várias conexões (3).
2020-05-04 15:13:40,564 INFO  - Galaxy.Communication.ConnectionManager >> Conexão negada de [5.36.39.130] por ter várias conexões (3).
2020-05-04 15:13:54,408 INFO  - Galaxy.Communication.ConnectionManager >> Conexão negada de [5.36.39.130] por ter várias conexões (3).
2020-05-04 15:14:24,970 INFO  - Galaxy.Communication.ConnectionManager >> Conexão negada de [5.36.39.130] por ter várias conexões (3).
2020-05-04 15:14:32,314 INFO  - Galaxy.Communication.ConnectionManager >> Conexão negada de [5.36.39.130] por ter várias conexões (3).
2020-05-04 15:14:53,048 INFO  - Galaxy.Communication.ConnectionManager >> Conexão negada de [5.36.39.130] por ter várias conexões (3).
2020-05-04 15:16:35,361 INFO  - Galaxy.Communication.ConnectionManager >> Conexão negada de [5.36.39.130] por ter várias conexões (3).
2020-05-04 15:16:58,126 INFO  - Galaxy.Communication.ConnectionManager >> Conexão negada de [5.36.39.130] por ter várias conexões (3).
2020-05-04 15:17:18,267 INFO  - Galaxy.Communication.ConnectionManager >> Conexão negada de [5.36.39.130] por ter várias conexões (3).
2020-05-04 15:17:33,814 INFO  - Galaxy.Communication.ConnectionManager >> Conexão negada de [5.36.39.130] por ter várias conexões (3).
2020-05-04 15:18:33,673 INFO  - Galaxy.Communication.ConnectionManager >> Conexão negada de [5.36.39.130] por ter várias conexões (3).
2020-05-04 15:19:18,845 INFO  - Galaxy.Communication.ConnectionManager >> Conexão negada de [5.36.39.130] por ter várias conexões (3).
2020-05-04 15:19:41,814 INFO  - Galaxy.Communication.ConnectionManager >> Conexão negada de [5.36.39.130] por ter várias conexões (3).
2020-05-04 15:20:01,892 INFO  - Galaxy.Communication.ConnectionManager >> Conexão negada de [5.36.39.130] por ter várias conexões (3).
2020-05-04 15:24:25,079 INFO  - Galaxy.Communication.ConnectionManager >> Conexão negada de [5.36.39.130] por ter várias conexões (3).
2020-05-04 15:25:03,454 INFO  - Galaxy.Communication.ConnectionManager >> Conexão negada de [5.36.39.130] por ter várias conexões (3).
2020-05-04 15:26:44,376 INFO  - Galaxy.Communication.ConnectionManager >> Conexão negada de [5.36.39.130] por ter várias conexões (3).
2020-05-04 15:28:20,017 INFO  - Galaxy.Communication.ConnectionManager >> Conexão negada de [5.36.39.130] por ter várias conexões (3).
2020-05-04 15:38:41,954 INFO  - Galaxy.Communication.ConnectionManager >> Conexão negada de [5.36.39.130] por ter várias conexões (3).
2020-05-05 18:04:35,533 INFO  - Galaxy.Communication.ConnectionManager >> Conexão negada de [5.36.39.130] por ter várias conexões (3).
2020-05-05 18:06:02,111 INFO  - Galaxy.Communication.ConnectionManager >> Conexão negada de [5.36.39.130] por ter várias conexões (3).
2020-05-05 18:06:13,486 INFO  - Galaxy.Communication.ConnectionManager >> Conexão negada de [5.36.39.130] por ter várias conexões (3).
2020-05-05 18:06:57,564 INFO  - Galaxy.Communication.ConnectionManager >> Conexão negada de [5.36.39.130] por ter várias conexões (3).
2020-05-06 06:31:55,865 INFO  - Galaxy.Communication.ConnectionManager >> Conexão negada de [5.36.39.130] por ter várias conexões (3).
2020-05-06 06:33:49,943 INFO  - Galaxy.Communication.ConnectionManager >> Conexão negada de [5.36.39.130] por ter várias conexões (3).
2020-05-06 14:01:12,104 INFO  - Galaxy.GalaxyServer >> » Conectado ao banco de dados!
2020-05-06 14:01:12,870 INFO  - Galaxy.HabboHotel.Game >> » Iniciando o Galaxy Server para o Abbo Hotel!
2020-05-06 14:01:13,900 INFO  - Galaxy.Core >> » Configurações do servidor -> PRONTO! 
2020-05-06 14:01:14,229 INFO  - Galaxy.Core >> » Catálogo -> PRONTO! 
2020-05-06 14:01:14,666 INFO  - Galaxy.Core.Settings.SettingsManager >> » PRONTO!(s): 35 configurações do servidor!
2020-05-06 14:01:15,135 INFO  - Galaxy.HabboHotel.Moderation.ModerationManager >> » Em cache: 3 usuários e máquinas banidas!
2020-05-06 14:01:28,135 INFO  - Galaxy.HabboHotel.Badges.BadgeManager >> » Carregado 12781 emblemas.
2020-05-06 14:01:28,291 INFO  - Galaxy.HabboHotel.Permissions.PermissionManager >> » PRONTO! 52 permissões.
2020-05-06 14:01:28,307 INFO  - Galaxy.HabboHotel.Permissions.PermissionManager >> » PRONTO! 16 cargos.
2020-05-06 14:01:28,947 INFO  - Galaxy.Communication.ConnectionManager >> » Configuração bem sucedida da porta 3421! 
2020-05-06 14:01:28,947 INFO  - Galaxy.Communication.ConnectionManager >> » Conexões máximas por IP definida como 3! 
2020-05-06 14:01:28,947 INFO  - Galaxy.GalaxyServer >> » Galaxy Server -> PRONTO! (20 s, 387 ms)
2020-05-06 14:01:28,947 INFO  - Galaxy.GalaxyServer >> » Última atualização: 24/04/2020
2020-05-06 14:01:28,963 INFO  - Galaxy.GalaxyServer >> » Iniciado para Hosting!
2020-05-06 14:01:29,994 INFO  - Galaxy.GalaxyServer >> » Cotação atual do dólar: R$0,00
2020-05-06 14:03:30,354 INFO  - Galaxy.GalaxyServer >> » Versão detectada: PRODUCTION-201609061203-935497134
2020-05-06 16:43:25,576 INFO  - Galaxy.Communication.ConnectionManager >> Conexão negada de [5.36.39.130] por ter várias conexões (3).
2020-05-06 16:47:30,154 INFO  - Galaxy.Communication.ConnectionManager >> Conexão negada de [5.36.39.130] por ter várias conexões (3).
2020-05-06 19:15:02,607 INFO  - Galaxy.GalaxyServer >> Desligando o Galaxy Server...
2020-05-06 19:15:05,139 INFO  - Galaxy.HabboHotel.GameClients.GameClientManager >> <<- DESLIGANDO SERVIDOR ->> GUARDANDO INVENTARIOS
2020-05-06 19:15:05,154 INFO  - Galaxy.HabboHotel.GameClients.GameClientManager >> <<- DESLIGANDO SERVIDOR ->> GUARDANDO INVENTARIOS
2020-05-06 19:15:05,170 INFO  - Galaxy.HabboHotel.GameClients.GameClientManager >> <<- DESLIGANDO SERVIDOR ->> GUARDANDO INVENTARIOS
2020-05-06 19:15:05,185 INFO  - Galaxy.HabboHotel.GameClients.GameClientManager >> <<- DESLIGANDO SERVIDOR ->> GUARDANDO INVENTARIOS
2020-05-06 19:15:05,201 INFO  - Galaxy.HabboHotel.GameClients.GameClientManager >> <<- DESLIGANDO SERVIDOR ->> GUARDANDO INVENTARIOS
2020-05-06 19:15:05,201 INFO  - Galaxy.HabboHotel.GameClients.GameClientManager >> PRONTO!, inventários guardados!
2020-05-06 19:15:05,201 INFO  - Galaxy.HabboHotel.GameClients.GameClientManager >> Fechando as conexões do servidor...
2020-05-06 19:15:05,217 INFO  - Galaxy.HabboHotel.GameClients.GameClientManager >> <<- APAGANDO SERVIDOR ->> Fechando conexões
2020-05-06 19:15:05,232 INFO  - Galaxy.HabboHotel.GameClients.GameClientManager >> <<- APAGANDO SERVIDOR ->> Fechando conexões
2020-05-06 19:15:05,264 INFO  - Galaxy.HabboHotel.GameClients.GameClientManager >> <<- APAGANDO SERVIDOR ->> Fechando conexões
2020-05-06 19:15:05,264 INFO  - Galaxy.HabboHotel.GameClients.GameClientManager >> <<- APAGANDO SERVIDOR ->> Fechando conexões
2020-05-06 19:15:05,279 INFO  - Galaxy.HabboHotel.GameClients.GameClientManager >> <<- APAGANDO SERVIDOR ->> Fechando conexões
2020-05-06 19:15:05,279 INFO  - Galaxy.HabboHotel.GameClients.GameClientManager >> Conexões fechadas!
2020-05-06 19:15:05,279 INFO  - Galaxy.HabboHotel.Rooms.RoomManager >> <<- Abbo ->> SALVANDO ITENS: 0%
2020-05-06 19:15:05,279 INFO  - Galaxy.HabboHotel.Rooms.RoomManager >> Quartos salvos com sucesso!
2020-05-06 19:15:05,310 WARN  - Galaxy.HabboHotel.Game >> GalaxyServer GameManager encerrado.
2020-05-06 19:15:05,326 INFO  - Galaxy.GalaxyServer >> O Galaxy Server foi desligado com exito.
2020-05-06 19:15:05,326 WARN  - Galaxy.GalaxyServer >> Servidor desligado!
2020-05-06 19:15:17,748 INFO  - Galaxy.GalaxyServer >> » Conectado ao banco de dados!
2020-05-06 19:15:17,795 INFO  - Galaxy.HabboHotel.Game >> » Iniciando o Galaxy Server para o Abbo Hotel!
2020-05-06 19:15:17,904 INFO  - Galaxy.Core >> » Configurações do servidor -> PRONTO! 
2020-05-06 19:15:17,904 INFO  - Galaxy.Core >> » Catálogo -> PRONTO! 
2020-05-06 19:15:17,920 INFO  - Galaxy.Core.Settings.SettingsManager >> » PRONTO!(s): 35 configurações do servidor!
2020-05-06 19:15:17,967 INFO  - Galaxy.HabboHotel.Moderation.ModerationManager >> » Em cache: 4 usuários e máquinas banidas!
2020-05-06 19:15:20,873 INFO  - Galaxy.HabboHotel.Badges.BadgeManager >> » Carregado 12781 emblemas.
2020-05-06 19:15:20,889 INFO  - Galaxy.HabboHotel.Permissions.PermissionManager >> » PRONTO! 52 permissões.
2020-05-06 19:15:20,889 INFO  - Galaxy.HabboHotel.Permissions.PermissionManager >> » PRONTO! 16 cargos.
2020-05-06 19:15:20,982 INFO  - Galaxy.Communication.ConnectionManager >> » Configuração bem sucedida da porta 3421! 
2020-05-06 19:15:20,982 INFO  - Galaxy.Communication.ConnectionManager >> » Conexões máximas por IP definida como 3! 
2020-05-06 19:15:20,982 INFO  - Galaxy.GalaxyServer >> » Galaxy Server -> PRONTO! (3 s, 406 ms)
2020-05-06 19:15:20,982 INFO  - Galaxy.GalaxyServer >> » Última atualização: 24/04/2020
2020-05-06 19:15:20,982 INFO  - Galaxy.GalaxyServer >> » Iniciado para Hosting!
2020-05-06 19:15:21,842 INFO  - Galaxy.GalaxyServer >> » Cotação atual do dólar: R$5,6
2020-05-06 19:15:28,357 INFO  - Galaxy.GalaxyServer >> » Versão detectada: PRODUCTION-201609061203-935497134
2020-05-08 08:20:03,107 INFO  - Galaxy.Communication.ConnectionManager >> Conexão negada de [5.36.39.130] por ter várias conexões (3).
2020-05-10 22:48:23,576 INFO  - Galaxy.Core >> » Catálogo -> PRONTO! 
2020-05-10 22:49:44,764 INFO  - Galaxy.Core >> » Catálogo -> PRONTO! 
2020-05-10 22:50:44,420 INFO  - Galaxy.Core >> » Catálogo -> PRONTO! 
2020-05-10 22:52:26,170 INFO  - Galaxy.Core >> » Catálogo -> PRONTO! 
2020-05-10 22:55:16,904 INFO  - Galaxy.Core >> » Catálogo -> PRONTO! 
2020-05-10 23:27:04,092 INFO  - Galaxy.Core >> » Catálogo -> PRONTO! 
2020-05-10 23:32:03,935 INFO  - Galaxy.Core >> » Catálogo -> PRONTO! 
2020-05-10 23:32:57,139 INFO  - Galaxy.Core >> » Catálogo -> PRONTO! 
2020-05-10 23:33:30,982 INFO  - Galaxy.Core >> » Catálogo -> PRONTO! 
2020-05-10 23:42:02,060 INFO  - Galaxy.Core >> » Catálogo -> PRONTO! 
2020-05-10 23:44:19,482 INFO  - Galaxy.Core >> » Configurações do servidor -> PRONTO! 
2020-05-11 02:40:00,201 INFO  - Galaxy.HabboHotel.Badges.BadgeManager >> » Carregado 12781 emblemas.
2020-05-11 03:05:43,388 INFO  - Galaxy.HabboHotel.Badges.BadgeManager >> » Carregado 12782 emblemas.
2020-05-11 06:49:56,248 INFO  - Galaxy.GalaxyServer >> Desligando o Galaxy Server...
2020-05-11 06:49:58,764 INFO  - Galaxy.HabboHotel.GameClients.GameClientManager >> <<- DESLIGANDO SERVIDOR ->> GUARDANDO INVENTARIOS
2020-05-11 06:49:58,764 INFO  - Galaxy.HabboHotel.GameClients.GameClientManager >> <<- DESLIGANDO SERVIDOR ->> GUARDANDO INVENTARIOS
2020-05-11 06:49:58,764 INFO  - Galaxy.HabboHotel.GameClients.GameClientManager >> PRONTO!, inventários guardados!
2020-05-11 06:49:58,764 INFO  - Galaxy.HabboHotel.GameClients.GameClientManager >> Fechando as conexões do servidor...
2020-05-11 06:49:58,779 INFO  - Galaxy.HabboHotel.GameClients.GameClientManager >> <<- APAGANDO SERVIDOR ->> Fechando conexões
2020-05-11 06:49:58,779 INFO  - Galaxy.HabboHotel.GameClients.GameClientManager >> <<- APAGANDO SERVIDOR ->> Fechando conexões
2020-05-11 06:49:58,779 INFO  - Galaxy.HabboHotel.GameClients.GameClientManager >> Conexões fechadas!
2020-05-11 06:49:58,795 INFO  - Galaxy.HabboHotel.Rooms.RoomManager >> <<- Abbo ->> SALVANDO ITENS: 0%
2020-05-11 06:49:58,795 INFO  - Galaxy.HabboHotel.Rooms.RoomManager >> Quartos salvos com sucesso!
2020-05-11 06:49:58,810 WARN  - Galaxy.HabboHotel.Game >> GalaxyServer GameManager encerrado.
2020-05-11 06:49:58,810 INFO  - Galaxy.GalaxyServer >> O Galaxy Server foi desligado com exito.
2020-05-11 06:49:58,810 WARN  - Galaxy.GalaxyServer >> Servidor desligado!
2020-05-11 06:54:38,014 INFO  - Galaxy.GalaxyServer >> » Conectado ao banco de dados!
2020-05-11 06:54:38,060 INFO  - Galaxy.HabboHotel.Game >> » Iniciando o Galaxy Server para o Abbo Hotel!
2020-05-11 06:54:38,154 INFO  - Galaxy.Core >> » Configurações do servidor -> PRONTO! 
2020-05-11 06:54:38,154 INFO  - Galaxy.Core >> » Catálogo -> PRONTO! 
2020-05-11 06:54:38,185 INFO  - Galaxy.Core.Settings.SettingsManager >> » PRONTO!(s): 35 configurações do servidor!
2020-05-11 06:54:38,232 INFO  - Galaxy.HabboHotel.Moderation.ModerationManager >> » Em cache: 4 usuários e máquinas banidas!
2020-05-11 06:54:41,217 INFO  - Galaxy.HabboHotel.Badges.BadgeManager >> » Carregado 12777 emblemas.
2020-05-11 06:54:41,232 INFO  - Galaxy.HabboHotel.Permissions.PermissionManager >> » PRONTO! 52 permissões.
2020-05-11 06:54:41,232 INFO  - Galaxy.HabboHotel.Permissions.PermissionManager >> » PRONTO! 16 cargos.
2020-05-11 06:54:41,342 INFO  - Galaxy.Communication.ConnectionManager >> » Configuração bem sucedida da porta 3421! 
2020-05-11 06:54:41,342 INFO  - Galaxy.Communication.ConnectionManager >> » Conexões máximas por IP definida como 3! 
2020-05-11 06:54:41,342 INFO  - Galaxy.GalaxyServer >> » Galaxy Server -> PRONTO! (3 s, 484 ms)
2020-05-11 06:54:41,342 INFO  - Galaxy.GalaxyServer >> » Última atualização: 24/04/2020
2020-05-11 06:54:41,342 INFO  - Galaxy.GalaxyServer >> » Iniciado para Hosting!
2020-05-11 06:54:42,388 INFO  - Galaxy.GalaxyServer >> » Cotação atual do dólar: R$0,00
2020-05-11 06:54:52,013 INFO  - Galaxy.GalaxyServer >> » Versão detectada: PRODUCTION-201609061203-935497134
2020-05-11 16:02:57,592 INFO  - Galaxy.Communication.ConnectionManager >> Conexão negada de [5.37.151.102] por ter várias conexões (3).
2020-05-14 19:22:00,779 INFO  - Galaxy.Communication.ConnectionManager >> Conexão negada de [5.36.80.38] por ter várias conexões (3).
2020-05-29 09:00:37,724 INFO  - Galaxy.GalaxyServer >> Desligando o Galaxy Server...
2020-05-29 09:00:40,239 INFO  - Galaxy.HabboHotel.GameClients.GameClientManager >> PRONTO!, inventários guardados!
2020-05-29 09:00:40,239 INFO  - Galaxy.HabboHotel.GameClients.GameClientManager >> Fechando as conexões do servidor...
2020-05-29 09:00:40,239 INFO  - Galaxy.HabboHotel.GameClients.GameClientManager >> Conexões fechadas!
2020-05-29 09:00:40,239 INFO  - Galaxy.HabboHotel.Rooms.RoomManager >> Quartos salvos com sucesso!
2020-05-29 09:00:40,271 WARN  - Galaxy.HabboHotel.Game >> GalaxyServer GameManager encerrado.
2020-05-29 09:00:40,271 INFO  - Galaxy.GalaxyServer >> O Galaxy Server foi desligado com exito.
2020-05-29 09:00:40,271 WARN  - Galaxy.GalaxyServer >> Servidor desligado!
