
Execao de Wired: (19.05.53)
System.IndexOutOfRangeException: Index was outside the bounds of the array.
   at System.Collections.Generic.List`1.RemoveAll(Predicate`1 match)
   at Galaxy.HabboHotel.Rooms.Gamemap.RemoveCoordinatedItem(Item item, Point coord) in C:\GalaxyServer\HabboHotel\Rooms\GameMap.cs:line 580
   at Galaxy.HabboHotel.Rooms.Gamemap.RemoveFromMap(Item item, Boolean handleGameItem) in C:\GalaxyServer\HabboHotel\Rooms\GameMap.cs:line 715
   at Galaxy.HabboHotel.Rooms.Gamemap.RemoveFromMap(Item item) in C:\GalaxyServer\HabboHotel\Rooms\GameMap.cs:line 757
   at Galaxy.HabboHotel.Rooms.RoomItemHandling.SetFloorItem(Item Item, Int32 newX, Int32 newY, Double newZ) in C:\GalaxyServer\HabboHotel\Rooms\RoomItemHandling.cs:line 1164
   at Galaxy.HabboHotel.Items.Wired.Boxes.Effects.MatchPositionBox.SetPosition(Item Item, Int32 CoordX, Int32 CoordY, Double CoordZ, Int32 Rotation) in C:\GalaxyServer\HabboHotel\Items\Wired\Boxes\Effects\MatchPositionBox.cs:line 180
   at Galaxy.HabboHotel.Items.Wired.Boxes.Effects.MatchPositionBox.OnCycle() in C:\GalaxyServer\HabboHotel\Items\Wired\Boxes\Effects\MatchPositionBox.cs:line 140


Execao de Wired: (19.05.54)
System.IndexOutOfRangeException: Index was outside the bounds of the array.
   at System.Collections.Generic.List`1.RemoveAll(Predicate`1 match)
   at Galaxy.HabboHotel.Rooms.Gamemap.RemoveCoordinatedItem(Item item, Point coord) in C:\GalaxyServer\HabboHotel\Rooms\GameMap.cs:line 580
   at Galaxy.HabboHotel.Rooms.Gamemap.RemoveFromMap(Item item, Boolean handleGameItem) in C:\GalaxyServer\HabboHotel\Rooms\GameMap.cs:line 715
   at Galaxy.HabboHotel.Rooms.Gamemap.RemoveFromMap(Item item) in C:\GalaxyServer\HabboHotel\Rooms\GameMap.cs:line 757
   at Galaxy.HabboHotel.Rooms.RoomItemHandling.SetFloorItem(Item Item, Int32 newX, Int32 newY, Double newZ) in C:\GalaxyServer\HabboHotel\Rooms\RoomItemHandling.cs:line 1164
   at Galaxy.HabboHotel.Items.Wired.Boxes.Effects.MatchPositionBox.SetPosition(Item Item, Int32 CoordX, Int32 CoordY, Double CoordZ, Int32 Rotation) in C:\GalaxyServer\HabboHotel\Items\Wired\Boxes\Effects\MatchPositionBox.cs:line 180
   at Galaxy.HabboHotel.Items.Wired.Boxes.Effects.MatchPositionBox.OnCycle() in C:\GalaxyServer\HabboHotel\Items\Wired\Boxes\Effects\MatchPositionBox.cs:line 140


Execao de Wired: (19.05.55)
System.IndexOutOfRangeException: Index was outside the bounds of the array.
   at System.Collections.Generic.List`1.RemoveAll(Predicate`1 match)
   at Galaxy.HabboHotel.Rooms.Gamemap.RemoveCoordinatedItem(Item item, Point coord) in C:\GalaxyServer\HabboHotel\Rooms\GameMap.cs:line 580
   at Galaxy.HabboHotel.Rooms.Gamemap.RemoveFromMap(Item item, Boolean handleGameItem) in C:\GalaxyServer\HabboHotel\Rooms\GameMap.cs:line 715
   at Galaxy.HabboHotel.Rooms.Gamemap.RemoveFromMap(Item item) in C:\GalaxyServer\HabboHotel\Rooms\GameMap.cs:line 757
   at Galaxy.HabboHotel.Rooms.RoomItemHandling.SetFloorItem(Item Item, Int32 newX, Int32 newY, Double newZ) in C:\GalaxyServer\HabboHotel\Rooms\RoomItemHandling.cs:line 1164
   at Galaxy.HabboHotel.Items.Wired.Boxes.Effects.MatchPositionBox.SetPosition(Item Item, Int32 CoordX, Int32 CoordY, Double CoordZ, Int32 Rotation) in C:\GalaxyServer\HabboHotel\Items\Wired\Boxes\Effects\MatchPositionBox.cs:line 180
   at Galaxy.HabboHotel.Items.Wired.Boxes.Effects.MatchPositionBox.OnCycle() in C:\GalaxyServer\HabboHotel\Items\Wired\Boxes\Effects\MatchPositionBox.cs:line 140


Execao de Wired: (19.05.57)
System.IndexOutOfRangeException: Index was outside the bounds of the array.
   at System.Collections.Generic.List`1.RemoveAll(Predicate`1 match)
   at Galaxy.HabboHotel.Rooms.Gamemap.RemoveCoordinatedItem(Item item, Point coord) in C:\GalaxyServer\HabboHotel\Rooms\GameMap.cs:line 580
   at Galaxy.HabboHotel.Rooms.Gamemap.RemoveFromMap(Item item, Boolean handleGameItem) in C:\GalaxyServer\HabboHotel\Rooms\GameMap.cs:line 715
   at Galaxy.HabboHotel.Rooms.Gamemap.RemoveFromMap(Item item) in C:\GalaxyServer\HabboHotel\Rooms\GameMap.cs:line 757
   at Galaxy.HabboHotel.Rooms.RoomItemHandling.SetFloorItem(Item Item, Int32 newX, Int32 newY, Double newZ) in C:\GalaxyServer\HabboHotel\Rooms\RoomItemHandling.cs:line 1164
   at Galaxy.HabboHotel.Items.Wired.Boxes.Effects.MatchPositionBox.SetPosition(Item Item, Int32 CoordX, Int32 CoordY, Double CoordZ, Int32 Rotation) in C:\GalaxyServer\HabboHotel\Items\Wired\Boxes\Effects\MatchPositionBox.cs:line 180
   at Galaxy.HabboHotel.Items.Wired.Boxes.Effects.MatchPositionBox.OnCycle() in C:\GalaxyServer\HabboHotel\Items\Wired\Boxes\Effects\MatchPositionBox.cs:line 140


Execao de Wired: (19.05.58)
System.IndexOutOfRangeException: Index was outside the bounds of the array.
   at System.Collections.Generic.List`1.RemoveAll(Predicate`1 match)
   at Galaxy.HabboHotel.Rooms.Gamemap.RemoveCoordinatedItem(Item item, Point coord) in C:\GalaxyServer\HabboHotel\Rooms\GameMap.cs:line 580
   at Galaxy.HabboHotel.Rooms.Gamemap.RemoveFromMap(Item item, Boolean handleGameItem) in C:\GalaxyServer\HabboHotel\Rooms\GameMap.cs:line 715
   at Galaxy.HabboHotel.Rooms.Gamemap.RemoveFromMap(Item item) in C:\GalaxyServer\HabboHotel\Rooms\GameMap.cs:line 757
   at Galaxy.HabboHotel.Rooms.RoomItemHandling.SetFloorItem(Item Item, Int32 newX, Int32 newY, Double newZ) in C:\GalaxyServer\HabboHotel\Rooms\RoomItemHandling.cs:line 1164
   at Galaxy.HabboHotel.Items.Wired.Boxes.Effects.MatchPositionBox.SetPosition(Item Item, Int32 CoordX, Int32 CoordY, Double CoordZ, Int32 Rotation) in C:\GalaxyServer\HabboHotel\Items\Wired\Boxes\Effects\MatchPositionBox.cs:line 180
   at Galaxy.HabboHotel.Items.Wired.Boxes.Effects.MatchPositionBox.OnCycle() in C:\GalaxyServer\HabboHotel\Items\Wired\Boxes\Effects\MatchPositionBox.cs:line 140


Execao de Wired: (14.25.18)
System.ArgumentException: Destination array was not long enough. Check destIndex and length, and the array's lower bounds.
   at System.Array.Copy(Array sourceArray, Int32 sourceIndex, Array destinationArray, Int32 destinationIndex, Int32 length, Boolean reliable)
   at System.Collections.Generic.List`1.CopyTo(T[] array, Int32 arrayIndex)
   at System.Collections.Generic.List`1..ctor(IEnumerable`1 collection)
   at System.Linq.Enumerable.ToList[TSource](IEnumerable`1 source)
   at Galaxy.HabboHotel.Rooms.Gamemap.GetItemsFromIds(List`1 Input) in C:\GalaxyServer\HabboHotel\Rooms\GameMap.cs:line 1857
   at Galaxy.HabboHotel.Rooms.Gamemap.RemoveFromMap(Item item, Boolean handleGameItem) in C:\GalaxyServer\HabboHotel\Rooms\GameMap.cs:line 726
   at Galaxy.HabboHotel.Rooms.Gamemap.RemoveFromMap(Item item) in C:\GalaxyServer\HabboHotel\Rooms\GameMap.cs:line 757
   at Galaxy.HabboHotel.Rooms.RoomItemHandling.SetFloorItem(Item Item, Int32 newX, Int32 newY, Double newZ) in C:\GalaxyServer\HabboHotel\Rooms\RoomItemHandling.cs:line 1164
   at Galaxy.HabboHotel.Items.Wired.Boxes.Effects.MatchPositionBox.SetPosition(Item Item, Int32 CoordX, Int32 CoordY, Double CoordZ, Int32 Rotation) in C:\GalaxyServer\HabboHotel\Items\Wired\Boxes\Effects\MatchPositionBox.cs:line 180
   at Galaxy.HabboHotel.Items.Wired.Boxes.Effects.MatchPositionBox.OnCycle() in C:\GalaxyServer\HabboHotel\Items\Wired\Boxes\Effects\MatchPositionBox.cs:line 140

